SF:lib\business\filter.dart
DA:5,2
DA:7,2
DA:10,2
DA:12,4
DA:15,2
DA:16,2
DA:17,2
DA:18,10
DA:20,2
DA:23,2
DA:24,2
DA:26,6
DA:28,4
DA:29,2
DA:31,2
DA:33,6
DA:34,2
DA:37,4
DA:38,4
DA:39,1
LF:20
LH:20
end_of_record
SF:lib\business\filter_types.dart
DA:7,2
DA:9,2
DA:10,4
DA:11,10
DA:12,6
DA:17,1
DA:19,1
DA:20,2
DA:21,5
DA:22,3
DA:27,1
DA:29,1
DA:31,2
DA:32,5
LF:14
LH:14
end_of_record
SF:lib\network\layers\network_connectivity.dart
DA:4,0
DA:6,0
DA:8,0
LF:3
LH:0
end_of_record
SF:lib\business\filterable.dart
DA:4,0
DA:5,0
LF:2
LH:0
end_of_record
SF:lib\models\match.g.dart
DA:9,4
DA:10,2
DA:11,2
DA:13,4
DA:14,2
DA:16,4
DA:17,2
DA:19,4
DA:20,2
DA:22,4
DA:25,0
DA:26,0
DA:27,0
DA:28,0
DA:29,0
DA:30,0
LF:16
LH:10
end_of_record
SF:lib\models\match.dart
DA:16,2
DA:18,4
DA:20,0
DA:22,2
DA:23,2
LF:5
LH:4
end_of_record
SF:lib\models\score.dart
DA:10,2
DA:12,4
DA:14,0
DA:16,0
DA:17,0
LF:5
LH:2
end_of_record
SF:lib\models\score.g.dart
DA:9,4
DA:10,2
DA:13,0
DA:14,0
LF:4
LH:2
end_of_record
SF:lib\models\area.dart
DA:11,1
DA:13,2
DA:15,0
DA:17,0
DA:18,0
LF:5
LH:2
end_of_record
SF:lib\models\area.g.dart
DA:9,2
DA:10,1
DA:11,1
DA:14,0
DA:15,0
DA:16,0
LF:6
LH:3
end_of_record
SF:lib\models\competition.dart
DA:11,1
DA:13,1
DA:14,1
DA:16,0
DA:18,1
DA:19,1
LF:6
LH:5
end_of_record
SF:lib\models\competition.g.dart
DA:9,2
DA:10,1
DA:12,2
DA:15,0
DA:16,0
DA:17,0
LF:6
LH:3
end_of_record
SF:lib\models\season.dart
DA:11,1
DA:13,2
DA:15,0
DA:17,0
DA:18,0
LF:5
LH:2
end_of_record
SF:lib\models\season.g.dart
DA:9,2
DA:10,1
DA:12,2
DA:13,1
DA:15,2
DA:18,0
DA:19,0
DA:20,0
LF:8
LH:5
end_of_record
SF:lib\models\player.dart
DA:16,1
DA:25,2
DA:27,0
DA:29,0
DA:30,0
LF:5
LH:2
end_of_record
SF:lib\models\player.g.dart
DA:9,2
DA:10,1
DA:11,1
DA:12,1
DA:13,1
DA:14,1
DA:15,1
DA:16,1
DA:19,0
DA:20,0
DA:21,0
DA:22,0
DA:23,0
DA:24,0
DA:25,0
DA:26,0
LF:16
LH:8
end_of_record
SF:lib\models\team.dart
DA:26,3
DA:40,4
DA:42,0
DA:44,1
DA:45,1
LF:5
LH:4
end_of_record
SF:lib\models\team.g.dart
DA:9,4
DA:10,2
DA:11,2
DA:13,2
DA:14,2
DA:15,2
DA:16,2
DA:17,2
DA:18,2
DA:19,2
DA:20,2
DA:21,2
DA:22,2
DA:23,2
DA:24,3
DA:25,1
DA:28,0
DA:29,0
DA:30,0
DA:31,0
DA:32,0
DA:33,0
DA:34,0
DA:35,0
DA:36,0
DA:37,0
DA:38,0
DA:39,0
DA:40,0
LF:29
LH:16
end_of_record
SF:lib\bloc\matches\matches_bloc.dart
DA:12,0
DA:13,0
DA:16,0
DA:19,0
DA:20,0
DA:21,0
DA:26,0
DA:28,0
LF:8
LH:0
end_of_record
SF:lib\bloc\matches\matches_state.dart
DA:12,1
DA:18,1
LF:2
LH:2
end_of_record
SF:lib\ui\home\home_page.dart
DA:17,1
DA:19,1
DA:20,1
DA:24,1
DA:26,1
DA:27,1
DA:30,1
DA:32,1
DA:33,1
DA:35,1
DA:36,1
DA:37,1
DA:45,1
DA:46,2
DA:51,1
DA:52,1
DA:56,1
DA:57,2
DA:60,1
DA:61,1
DA:62,1
DA:63,2
DA:64,2
DA:66,1
DA:67,2
DA:68,2
DA:76,1
DA:80,1
DA:81,1
DA:82,1
DA:83,0
DA:84,0
DA:86,1
DA:90,1
DA:94,1
DA:95,1
DA:96,1
DA:97,0
DA:98,0
DA:100,1
DA:104,1
DA:108,1
DA:109,1
DA:110,1
DA:111,0
DA:112,0
DA:117,1
DA:125,1
DA:126,4
LF:49
LH:43
end_of_record
SF:lib\ui\team\landscape_team.dart
DA:5,1
DA:11,1
DA:18,1
DA:20,1
DA:21,1
DA:22,1
DA:23,1
DA:24,1
DA:25,2
DA:26,2
LF:10
LH:10
end_of_record
SF:lib\ui\team\tablet_portrait_team.dart
DA:6,1
DA:13,1
DA:20,1
DA:22,1
DA:23,1
DA:24,1
DA:25,1
DA:26,4
LF:8
LH:8
end_of_record
SF:lib\ui\team\team_info.dart
DA:11,2
DA:13,1
DA:15,1
DA:16,1
DA:17,1
DA:20,1
DA:22,1
DA:23,1
DA:25,1
DA:27,1
DA:28,1
DA:29,1
DA:30,1
DA:31,1
DA:32,1
DA:41,1
DA:42,1
DA:45,1
DA:46,2
DA:56,1
DA:57,1
DA:60,1
DA:61,3
DA:70,1
DA:71,1
DA:80,3
DA:84,1
DA:85,1
DA:86,0
DA:87,0
DA:90,0
DA:91,0
DA:99,0
DA:100,0
DA:101,0
DA:104,0
DA:109,1
DA:110,1
DA:112,1
DA:113,3
DA:114,3
DA:115,3
DA:120,1
DA:123,0
DA:126,0
DA:127,0
DA:128,0
DA:130,0
DA:132,0
DA:133,0
LF:50
LH:35
end_of_record
SF:lib\services\matches_service.dart
DA:11,1
DA:16,2
DA:18,1
DA:20,2
DA:26,1
DA:28,2
DA:35,1
DA:37,4
DA:38,1
DA:39,1
DA:42,1
DA:44,1
DA:45,2
DA:46,1
DA:51,1
DA:55,1
DA:57,2
DA:60,1
DA:63,3
DA:64,1
DA:67,1
DA:68,1
DA:69,4
DA:72,1
DA:76,2
DA:78,1
DA:79,0
DA:82,1
DA:85,1
DA:88,3
DA:89,1
DA:90,1
DA:91,1
DA:95,1
DA:96,1
DA:97,2
DA:100,1
DA:102,2
DA:105,1
DA:106,2
DA:109,1
DA:111,4
DA:112,2
DA:116,1
DA:117,1
LF:45
LH:44
end_of_record
SF:lib\network\clients\football_api_client.dart
DA:9,2
DA:18,1
DA:21,1
DA:23,1
DA:25,1
DA:27,1
DA:28,2
DA:29,2
DA:30,2
DA:33,1
DA:35,1
DA:36,1
DA:40,1
DA:42,1
DA:43,1
DA:49,1
DA:51,1
DA:52,2
DA:53,1
LF:19
LH:19
end_of_record
SF:lib\network\contracts\base_client_generator.dart
DA:2,1
DA:16,1
DA:18,0
LF:3
LH:2
end_of_record
SF:lib\network\layers\network_creator.dart
DA:8,3
DA:11,1
DA:13,4
DA:14,2
DA:15,1
DA:16,1
DA:17,1
DA:18,1
DA:19,1
DA:20,1
DA:21,1
DA:22,1
DA:23,1
DA:24,0
DA:25,2
DA:26,1
LF:16
LH:15
end_of_record
SF:lib\network\network_options\network_options.dart
DA:4,0
LF:1
LH:0
end_of_record
SF:lib\network\layers\network_parser.dart
DA:5,3
DA:7,1
DA:13,3
DA:15,1
DA:18,1
DA:19,4
DA:22,1
DA:24,0
LF:8
LH:7
end_of_record
SF:lib\network\layers\network_performer.dart
DA:14,1
DA:19,4
DA:21,2
DA:22,1
DA:23,2
DA:27,1
DA:28,0
DA:29,0
DA:30,0
DA:31,0
DA:34,0
DA:35,0
LF:12
LH:6
end_of_record
SF:lib\network\network_models\network_error.dart
DA:7,2
DA:16,0
DA:17,0
DA:18,0
DA:19,0
DA:20,0
LF:6
LH:1
end_of_record
SF:lib\ui\team\mobile_portrait_team.dart
DA:5,1
DA:11,1
DA:18,0
DA:20,0
DA:21,0
DA:22,0
DA:23,0
DA:24,0
LF:8
LH:2
end_of_record
SF:lib\ui\team\squad\squad_item.dart
DA:12,0
DA:13,0
DA:15,0
DA:17,0
DA:18,0
DA:19,0
DA:22,0
DA:24,0
DA:25,0
DA:27,0
DA:29,0
DA:30,0
DA:31,0
DA:32,0
DA:40,0
DA:41,0
DA:50,0
DA:51,0
DA:52,0
DA:53,0
DA:60,0
DA:61,0
DA:63,0
DA:64,0
DA:65,0
DA:66,0
DA:71,0
DA:72,0
DA:73,0
DA:78,0
DA:80,0
DA:83,0
DA:84,0
DA:85,0
DA:89,0
DA:95,0
DA:97,0
DA:98,0
DA:99,0
LF:39
LH:0
end_of_record
SF:lib\ui\team\squad\squad_list.dart
DA:7,1
DA:11,1
DA:13,1
DA:15,1
DA:16,1
DA:19,1
LF:6
LH:6
end_of_record
SF:lib\ui\shared_widgets\device_layout.dart
DA:9,1
DA:14,1
DA:16,1
DA:18,1
DA:19,1
DA:21,1
DA:24,1
DA:26,3
DA:27,4
LF:9
LH:9
end_of_record
SF:lib\ui\shared_widgets\empty_widget.dart
DA:5,2
DA:7,1
DA:9,1
DA:10,1
DA:11,1
DA:14,1
DA:22,1
LF:7
LH:7
end_of_record
SF:lib\ui\shared_widgets\error_widget.dart
DA:8,2
DA:10,1
DA:12,1
DA:13,1
DA:15,1
DA:16,1
DA:17,1
DA:19,1
DA:20,1
DA:23,1
DA:32,1
DA:38,1
DA:40,1
DA:41,1
LF:14
LH:14
end_of_record
SF:lib\ui\shared_widgets\loading_widget.dart
DA:4,2
DA:6,1
LF:2
LH:2
end_of_record
SF:lib\ui\shared_widgets\orientation_layout.dart
DA:7,1
DA:9,1
DA:11,1
DA:13,1
DA:14,1
DA:15,1
DA:16,1
DA:18,1
LF:8
LH:8
end_of_record
SF:lib\ui\team\base_team.dart
DA:9,1
DA:15,1
DA:17,0
DA:18,0
LF:4
LH:2
end_of_record
SF:lib\utils\player_utils.dart
DA:5,0
DA:7,0
DA:9,0
DA:11,0
DA:13,0
DA:20,0
DA:22,0
DA:24,0
DA:26,0
DA:28,0
LF:10
LH:0
end_of_record
